# JRE version: Java(TM) SE Runtime Environment (9.0+11) (build 9.0.4+11)
# Java VM: Java HotSpot(TM) 64-Bit Server VM (9.0.4+11, mixed mode, tiered, compressed oops, g1 gc, windows-amd64)
Heap:
 garbage-first heap   total 232448K, used 124631K [0x0000000700000000, 0x0000000700100718, 0x00000007c0000000)
  region size 1024K, 54 young (55296K), 1 survivors (1024K)
 Metaspace       used 86420K, capacity 88497K, committed 96588K, reserved 1132544K
  class space    used 11276K, capacity 11699K, committed 13388K, reserved 1048576K
GC Heap History (10 events):
Event: 7478.196 GC heap before
{Heap before GC invocations=1359 (full 358):
 garbage-first heap   total 232448K, used 131472K [0x0000000700000000, 0x0000000700100718, 0x00000007c0000000)
  region size 1024K, 60 young (61440K), 1 survivors (1024K)
 Metaspace       used 86409K, capacity 88497K, committed 96588K, reserved 1132544K
  class space    used 11276K, capacity 11699K, committed 13388K, reserved 1048576K
}
Event: 7478.199 GC heap after
{Heap after GC invocations=1360 (full 358):
 garbage-first heap   total 232448K, used 70911K [0x0000000700000000, 0x0000000700100718, 0x00000007c0000000)
  region size 1024K, 1 young (1024K), 1 survivors (1024K)
 Metaspace       used 86409K, capacity 88497K, committed 96588K, reserved 1132544K
  class space    used 11276K, capacity 11699K, committed 13388K, reserved 1048576K
}
Event: 7482.617 GC heap before
{Heap before GC invocations=1360 (full 358):
 garbage-first heap   total 232448K, used 131327K [0x0000000700000000, 0x0000000700100718, 0x00000007c0000000)
  region size 1024K, 60 young (61440K), 1 survivors (1024K)
 Metaspace       used 86413K, capacity 88497K, committed 96588K, reserved 1132544K
  class space    used 11276K, capacity 11699K, committed 13388K, reserved 1048576K
}
Event: 7482.619 GC heap after
{Heap after GC invocations=1361 (full 358):
 garbage-first heap   total 232448K, used 71127K [0x0000000700000000, 0x0000000700100718, 0x00000007c0000000)
  region size 1024K, 1 young (1024K), 1 survivors (1024K)
 Metaspace       used 86413K, capacity 88497K, committed 96588K, reserved 1132544K
  class space    used 11276K, capacity 11699K, committed 13388K, reserved 1048576K
}
Event: 7484.580 GC heap before
{Heap before GC invocations=1361 (full 358):
 garbage-first heap   total 232448K, used 131543K [0x0000000700000000, 0x0000000700100718, 0x00000007c0000000)
  region size 1024K, 60 young (61440K), 1 survivors (1024K)
 Metaspace       used 86413K, capacity 88497K, committed 96588K, reserved 1132544K
  class space    used 11276K, capacity 11699K, committed 13388K, reserved 1048576K
}
Event: 7484.582 GC heap after
{Heap after GC invocations=1362 (full 358):
 garbage-first heap   total 232448K, used 71660K [0x0000000700000000, 0x0000000700100718, 0x00000007c0000000)
  region size 1024K, 2 young (2048K), 2 survivors (2048K)
 Metaspace       used 86413K, capacity 88497K, committed 96588K, reserved 1132544K
  class space    used 11276K, capacity 11699K, committed 13388K, reserved 1048576K
}
Event: 7484.747 GC heap before
{Heap before GC invocations=1362 (full 358):
 garbage-first heap   total 232448K, used 131052K [0x0000000700000000, 0x0000000700100718, 0x00000007c0000000)
  region size 1024K, 60 young (61440K), 2 survivors (2048K)
 Metaspace       used 86418K, capacity 88497K, committed 96588K, reserved 1132544K
  class space    used 11276K, capacity 11699K, committed 13388K, reserved 1048576K
}
Event: 7484.750 GC heap after
{Heap after GC invocations=1363 (full 358):
 garbage-first heap   total 232448K, used 71333K [0x0000000700000000, 0x0000000700100718, 0x00000007c0000000)
  region size 1024K, 1 young (1024K), 1 survivors (1024K)
 Metaspace       used 86418K, capacity 88497K, committed 96588K, reserved 1132544K
  class space    used 11276K, capacity 11699K, committed 13388K, reserved 1048576K
}
Event: 7500.553 GC heap before
{Heap before GC invocations=1363 (full 358):
 garbage-first heap   total 232448K, used 131749K [0x0000000700000000, 0x0000000700100718, 0x00000007c0000000)
  region size 1024K, 60 young (61440K), 1 survivors (1024K)
 Metaspace       used 86418K, capacity 88497K, committed 96588K, reserved 1132544K
  class space    used 11276K, capacity 11699K, committed 13388K, reserved 1048576K
}
Event: 7500.556 GC heap after
{Heap after GC invocations=1364 (full 358):
 garbage-first heap   total 232448K, used 71383K [0x0000000700000000, 0x0000000700100718, 0x00000007c0000000)
  region size 1024K, 1 young (1024K), 1 survivors (1024K)
 Metaspace       used 86418K, capacity 88497K, committed 96588K, reserved 1132544K
  class space    used 11276K, capacity 11699K, committed 13388K, reserved 1048576K
}

